Data dir: ../paper/satgenpy_analysis/modified_data
Used data dir to form base output dir: ../paper/satgenpy_analysis/modified_data/kuiper_630_isls_plus_grid_ground_stations_top_100_algorithm_free_one_only_over_isls/1000ms_for_200s/manual
1634248180.97821
0 6.523091077804565
1634248187.5013812
1000000000 6.580097675323486
1634248194.08153
2000000000 6.605174541473389
1634248200.6867568
3000000000 6.601599454879761
1634248207.2884111
4000000000 6.620402574539185
1634248213.9088862
5000000000 6.618357181549072
1634248220.5272598
6000000000 6.63397479057312
1634248227.1612866
7000000000 6.613115549087524
1634248233.7744534
8000000000 6.616379261016846
1634248240.3908496
9000000000 6.604332685470581
1634248246.9952364
10000000000 6.618038177490234
1634248253.6132908
11000000000 6.6199963092803955
1634248260.2333424
12000000000 6.652500867843628
1634248266.8858604
13000000000 6.636595964431763
1634248273.5224724
14000000000 6.634804010391235
1634248280.157326
15000000000 6.65470027923584
1634248286.812043
16000000000 6.645273208618164
1634248293.457332
17000000000 6.667174816131592
1634248300.1245234
18000000000 6.596083641052246
1634248306.7206595
19000000000 6.7402331829071045
1634248313.4609103
20000000000 6.575246810913086
1634248320.0361772
21000000000 6.574617624282837
1634248326.610812
22000000000 6.592492341995239
1634248333.203357
23000000000 6.5569212436676025
1634248339.7602947
24000000000 6.56499719619751
1634248346.3253093
25000000000 6.544259548187256
1634248352.8695855
26000000000 6.583362340927124
1634248359.452964
27000000000 6.566660165786743
1634248366.0196407
28000000000 6.585606813430786
1634248372.6052637
29000000000 6.580320119857788
1634248379.1856363
30000000000 6.604383707046509
1634248385.7900372
31000000000 6.563150644302368
1634248392.3532045
32000000000 6.576386451721191
1634248398.92961
33000000000 6.57995080947876
1634248405.509612
34000000000 6.580939531326294
1634248412.0905685
35000000000 6.5644001960754395
1634248418.6549861
36000000000 6.600330352783203
1634248425.255333
37000000000 6.60629940032959
1634248431.8616498
38000000000 6.609240770339966
1634248438.470943
39000000000 6.605323314666748
1634248445.0762832
40000000000 6.579524517059326
1634248451.6558235
41000000000 6.583281517028809
1634248458.2391222
42000000000 6.597619533538818
1634248464.836761
43000000000 6.628708124160767
1634248471.4654863
44000000000 6.614763975143433
1634248478.0802674
45000000000 6.644575357437134
1634248484.7248945
46000000000 6.6292877197265625
1634248491.3541996
47000000000 6.6202051639556885
1634248497.9744225
48000000000 6.595006942749023
1634248504.5694463
49000000000 6.586538076400757
1634248511.156001
50000000000 6.7574732303619385
1634248517.9134948
51000000000 6.622031211853027
1634248524.5355432
52000000000 6.596945762634277
1634248531.1325061
53000000000 6.600221872329712
1634248537.7327452
54000000000 6.58979058265686
1634248544.3225863
55000000000 6.613616228103638
1634248550.9362187
56000000000 6.578032493591309
1634248557.5142686
57000000000 6.614800453186035
1634248564.1290858
58000000000 6.590948581695557
1634248570.7200587
59000000000 6.658122539520264
1634248577.3781984
60000000000 6.617363691329956
1634248583.9955797
61000000000 6.623333215713501
1634248590.6189294
62000000000 6.6424336433410645
1634248597.261381
63000000000 6.689531326293945
1634248603.950965
64000000000 6.610968589782715
1634248610.5619493
65000000000 6.636556625366211
1634248617.1985228
66000000000 6.633381128311157
1634248623.831931
67000000000 6.622651100158691
1634248630.454598
68000000000 6.596729516983032
1634248637.0513442
69000000000 6.635203838348389
1634248643.6865644
70000000000 6.599133014678955
1634248650.2857144
71000000000 6.635120391845703
1634248656.9208505
72000000000 6.600456714630127
1634248663.5213575
73000000000 6.647180557250977
1634248670.1685553
74000000000 6.594986915588379
1634248676.7635593
75000000000 6.599865436553955
1634248683.363441
76000000000 6.605158567428589
1634248689.9686308
77000000000 6.638066053390503
1634248696.6067152
78000000000 6.58355712890625
1634248703.1902897
79000000000 6.605143308639526
1634248709.7954495
80000000000 6.630491495132446
1634248716.4259574
81000000000 6.642452955245972
1634248723.0684628
82000000000 6.598558187484741
1634248729.6670377
83000000000 6.6094043254852295
1634248736.2764592
84000000000 6.574939489364624
1634248742.8514154
85000000000 6.599820137023926
1634248749.4512525
86000000000 6.606425046920776
1634248756.057729
87000000000 6.627429246902466
1634248762.685175
88000000000 6.797579765319824
1634248769.4827719
89000000000 6.677782773971558
1634248776.1605718
90000000000 6.5903918743133545
1634248782.7510161
91000000000 6.6107213497161865
1634248789.3617544
92000000000 6.5804338455200195
1634248795.9422057
93000000000 6.59719705581665
1634248802.5394194
94000000000 6.568684339523315
1634248809.1081192
95000000000 6.602768182754517
1634248815.7109406
96000000000 6.617504358291626
1634248822.3284614
97000000000 6.638792276382446
1634248828.967269
98000000000 6.598167181015015
1634248835.565453
99000000000 6.6099772453308105
1634248842.1754835
100000000000 6.62409234046936
1634248848.7995925
101000000000 6.6215431690216064
1634248855.4211516
102000000000 6.586606979370117
1634248862.0077753
103000000000 6.637339353561401
1634248868.645131
104000000000 6.5991716384887695
1634248875.2443569
105000000000 6.595016241073608
1634248881.8393908
106000000000 6.5953452587127686
1634248888.4347541
107000000000 6.595211744308472
1634248895.0299833
108000000000 6.577016830444336
1634248901.6070528
109000000000 6.630007028579712
1634248908.2370765
110000000000 6.624117374420166
1634248914.861211
111000000000 6.601177930831909
1634248921.462406
112000000000 6.604448556900024
1634248928.0668895
113000000000 6.617602586746216
1634248934.6845472
114000000000 6.558028221130371
1634248941.242592
115000000000 6.605680227279663
1634248947.8482893
116000000000 6.553107500076294
1634248954.4014137
117000000000 6.6159141063690186
1634248961.017345
118000000000 6.576463937759399
1634248967.5938604
119000000000 6.580764055252075
1634248974.174641
120000000000 6.572187900543213
1634248980.7468448
121000000000 6.688618183135986
1634248987.4354799
122000000000 6.875428676605225
1634248994.3109472
123000000000 6.886647701263428
1634249001.1976118
124000000000 6.805371284484863
1634249008.0029995
125000000000 6.78460168838501
1634249014.7876189
126000000000 6.819859981536865
1634249021.6075125
127000000000 6.82975435256958
1634249028.4372954
128000000000 6.861132621765137
1634249035.2984452
129000000000 6.788062810897827
1634249042.0865247
130000000000 6.784649133682251
1634249048.8711908
131000000000 6.9252259731292725
1634249055.7964535
132000000000 6.831793546676636
1634249062.628264
133000000000 6.867056369781494
1634249069.495337
134000000000 6.811729192733765
1634249076.307083
135000000000 6.804169654846191
1634249083.1113338
136000000000 7.052670240402222
1634249090.164021
137000000000 6.749008655548096
1634249096.9130466
138000000000 6.729854106903076
1634249103.6429174
139000000000 6.753424882888794
1634249110.3963594
140000000000 6.787498235702515
1634249117.18389
141000000000 6.789604425430298
1634249123.9735107
142000000000 6.793131351470947
1634249130.7666585
143000000000 6.852869510650635
1634249137.619545
144000000000 6.795244932174683
1634249144.4148264
145000000000 6.84424901008606
1634249151.2590923
146000000000 6.79713249206543
1634249158.0562418
147000000000 6.578581094741821
1634249164.634839
148000000000 6.564539432525635
1634249171.1993954
149000000000 6.609314918518066
1634249177.8087442
150000000000 6.553349018096924
1634249184.3621101
151000000000 6.599600791931152
1634249190.9617279
152000000000 6.5997960567474365
1634249197.56154
153000000000 6.624969959259033
1634249204.1865468
154000000000 6.564364433288574
1634249210.7509282
155000000000 6.592529535293579
1634249217.3434744
156000000000 6.569788455963135
1634249223.9132798
157000000000 6.594902753829956
1634249230.508199
158000000000 6.55824875831604
1634249237.0664835
159000000000 6.613482713699341
1634249243.6799827
160000000000 6.547205209732056
1634249250.227205
161000000000 6.5875303745269775
1634249256.8147528Traceback (most recent call last):
  File "/nethome/vbhosale6/anaconda3/envs/hypatia/lib/python3.7/runpy.py", line 193, in _run_module_as_main
    "__main__", mod_spec)
  File "/nethome/vbhosale6/anaconda3/envs/hypatia/lib/python3.7/runpy.py", line 85, in _run_code
    exec(code, run_globals)
  File "/nethome/vbhosale6/hypatia/satgenpy/satgen/post_analysis/main_print_modified_routes_and_rtt.py", line 53, in <module>
    main()
  File "/nethome/vbhosale6/hypatia/satgenpy/satgen/post_analysis/main_print_modified_routes_and_rtt.py", line 48, in main
    ""  # Must be executed in satgenpy directory
  File "/nethome/vbhosale6/hypatia/satgenpy/satgen/post_analysis/print_modified_routes_and_rtt.py", line 120, in print_modified_routes_and_rtt
    if not nx.is_simple_path(graphs[it], shortest_paths[i]):
  File "/nethome/vbhosale6/anaconda3/envs/hypatia/lib/python3.7/site-packages/networkx/algorithms/simple_paths.py", line 81, in is_simple_path
    return len(set(nodes)) == len(nodes) and all(v in G[u] for u, v in pairwise(nodes))
  File "/nethome/vbhosale6/anaconda3/envs/hypatia/lib/python3.7/site-packages/networkx/algorithms/simple_paths.py", line 81, in <genexpr>
    return len(set(nodes)) == len(nodes) and all(v in G[u] for u, v in pairwise(nodes))
  File "/nethome/vbhosale6/anaconda3/envs/hypatia/lib/python3.7/site-packages/networkx/classes/graph.py", line 476, in __getitem__
    return self.adj[n]
  File "/nethome/vbhosale6/anaconda3/envs/hypatia/lib/python3.7/site-packages/networkx/classes/coreviews.py", line 82, in __getitem__
    return AtlasView(self._atlas[name])
  File "/nethome/vbhosale6/anaconda3/envs/hypatia/lib/python3.7/site-packages/networkx/classes/coreviews.py", line 44, in __init__
    def __init__(self, d):
KeyboardInterrupt

162000000000 6.628813982009888
1634249263.443605
163000000000 6.683588981628418
1634249270.1272113
164000000000 6.634500503540039
1634249276.7617295
165000000000 6.602761268615723
1634249283.364508
166000000000 6.638980865478516
1634249290.0035133
167000000000 6.6353747844696045
1634249296.638917
168000000000 6.5954508781433105
1634249303.2343845
169000000000 6.63825798034668
1634249309.87266
170000000000 6.661977529525757
1634249316.5346546
171000000000 6.618873357772827
1634249323.1535711
172000000000 6.632847547531128
1634249329.7864354
173000000000 6.663836240768433
1634249336.450289
174000000000 6.6845543384552
1634249343.13486
175000000000 6.64397931098938
1634249349.7788575
176000000000 6.635083198547363
1634249356.413971
177000000000 6.60932183265686
1634249363.023309
178000000000 6.637035131454468
1634249369.6603608
179000000000 6.648890256881714
1634249376.3092692
180000000000 6.65276026725769
1634249382.96207
181000000000 6.616016626358032
1634249389.5781035
182000000000 6.6190032958984375
1634249396.1971238
183000000000 6.631952285766602
1634249402.829093
184000000000 6.6332480907440186
1634249409.462359
185000000000 6.638354301452637
1634249416.1007462
186000000000 6.594813585281372
1634249422.6955833
187000000000 6.606673002243042
1634249429.302273
188000000000 6.621899604797363
1634249435.9241893
189000000000 6.642739534378052
1634249442.5669713
190000000000 6.629714488983154
1634249449.1967144
191000000000 6.61894416809082
1634249455.815675
192000000000 6.627963066101074
1634249462.4436543
193000000000 6.615770101547241
1634249469.0594409
194000000000 6.615408182144165
1634249475.6748781
195000000000 6.584314823150635
1634249482.259216
196000000000 6.600290775299072
1634249488.8595223
197000000000 6.866804599761963
1634249495.7263443
198000000000 6.556992769241333
1634249502.283376
199000000000 6.576617002487183
graph computation done
100
